0 info it worked if it ends with ok
1 verbose cli [ '/usr/local/bin/node',
1 verbose cli   '/usr/local/bin/npm',
1 verbose cli   'install',
1 verbose cli   '-g',
1 verbose cli   'learnyounode' ]
2 info using npm@1.4.3
3 info using node@v0.10.26
4 verbose cache add [ 'learnyounode', null ]
5 verbose cache add name=undefined spec="learnyounode" args=["learnyounode",null]
6 verbose parsed url { protocol: null,
6 verbose parsed url   slashes: null,
6 verbose parsed url   auth: null,
6 verbose parsed url   host: null,
6 verbose parsed url   port: null,
6 verbose parsed url   hostname: null,
6 verbose parsed url   hash: null,
6 verbose parsed url   search: null,
6 verbose parsed url   query: null,
6 verbose parsed url   pathname: 'learnyounode',
6 verbose parsed url   path: 'learnyounode',
6 verbose parsed url   href: 'learnyounode' }
7 silly lockFile 8d456d9f-learnyounode learnyounode
8 verbose lock learnyounode /home/troutnemesis/.npm/8d456d9f-learnyounode.lock
9 silly lockFile 8d456d9f-learnyounode learnyounode
10 silly lockFile 8d456d9f-learnyounode learnyounode
11 verbose addNamed [ 'learnyounode', '' ]
12 verbose addNamed [ null, '*' ]
13 silly lockFile a353de34-learnyounode learnyounode@
14 verbose lock learnyounode@ /home/troutnemesis/.npm/a353de34-learnyounode.lock
15 silly addNameRange { name: 'learnyounode', range: '*', hasData: false }
16 verbose url raw learnyounode
17 verbose url resolving [ 'https://registry.npmjs.org/', './learnyounode' ]
18 verbose url resolved https://registry.npmjs.org/learnyounode
19 info trying registry request attempt 1 at 22:09:39
20 verbose etag "2UXZK82BQ4LD9BNPUYTTPAMKW"
21 http GET https://registry.npmjs.org/learnyounode
22 http 304 https://registry.npmjs.org/learnyounode
23 silly registry.get cb [ 304,
23 silly registry.get   { date: 'Mon, 12 Oct 2015 22:09:39 GMT',
23 silly registry.get     via: '1.1 varnish',
23 silly registry.get     'cache-control': 'max-age=60',
23 silly registry.get     etag: '"2UXZK82BQ4LD9BNPUYTTPAMKW"',
23 silly registry.get     age: '51',
23 silly registry.get     connection: 'keep-alive',
23 silly registry.get     'x-served-by': 'cache-lax1426-LAX',
23 silly registry.get     'x-cache': 'HIT',
23 silly registry.get     'x-cache-hits': '1',
23 silly registry.get     'x-timer': 'S1444687779.216300,VS0,VE0',
23 silly registry.get     vary: 'Accept' } ]
24 verbose etag learnyounode from cache
25 silly addNameRange number 2 { name: 'learnyounode', range: '*', hasData: true }
26 silly addNameRange versions [ 'learnyounode',
26 silly addNameRange   [ '0.0.0',
26 silly addNameRange     '0.0.1',
26 silly addNameRange     '0.0.2',
26 silly addNameRange     '0.0.3',
26 silly addNameRange     '0.0.4',
26 silly addNameRange     '0.0.5',
26 silly addNameRange     '0.0.6',
26 silly addNameRange     '0.0.7',
26 silly addNameRange     '0.0.8',
26 silly addNameRange     '0.0.9',
26 silly addNameRange     '0.1.0',
26 silly addNameRange     '0.1.1',
26 silly addNameRange     '0.2.0',
26 silly addNameRange     '0.2.1',
26 silly addNameRange     '0.2.2',
26 silly addNameRange     '0.2.3',
26 silly addNameRange     '0.2.4',
26 silly addNameRange     '0.2.5',
26 silly addNameRange     '0.2.6',
26 silly addNameRange     '0.2.7',
26 silly addNameRange     '0.2.8',
26 silly addNameRange     '0.2.9',
26 silly addNameRange     '0.2.10',
26 silly addNameRange     '0.2.11',
26 silly addNameRange     '0.2.12',
26 silly addNameRange     '0.2.13',
26 silly addNameRange     '0.2.14',
26 silly addNameRange     '0.2.15',
26 silly addNameRange     '0.2.16',
26 silly addNameRange     '0.2.16-mimbug',
26 silly addNameRange     '0.3.0',
26 silly addNameRange     '0.3.1',
26 silly addNameRange     '0.3.2',
26 silly addNameRange     '0.3.3',
26 silly addNameRange     '0.4.0',
26 silly addNameRange     '0.4.1',
26 silly addNameRange     '1.0.0-alpha01',
26 silly addNameRange     '1.0.0',
26 silly addNameRange     '1.0.1',
26 silly addNameRange     '1.0.2',
26 silly addNameRange     '1.0.3',
26 silly addNameRange     '1.0.4',
26 silly addNameRange     '1.0.5',
26 silly addNameRange     '1.0.6',
26 silly addNameRange     '1.0.7',
26 silly addNameRange     '2.0.0',
26 silly addNameRange     '2.0.1',
26 silly addNameRange     '2.1.0',
26 silly addNameRange     '2.2.0',
26 silly addNameRange     '2.2.1',
26 silly addNameRange     '2.2.2',
26 silly addNameRange     '2.3.0',
26 silly addNameRange     '2.3.1',
26 silly addNameRange     '2.3.2',
26 silly addNameRange     '2.3.3',
26 silly addNameRange     '2.3.4',
26 silly addNameRange     '2.4.0',
26 silly addNameRange     '2.5.0',
26 silly addNameRange     '2.6.0',
26 silly addNameRange     '2.5.1',
26 silly addNameRange     '2.5.2',
26 silly addNameRange     '2.7.0',
26 silly addNameRange     '2.7.1' ] ]
27 verbose addNamed [ 'learnyounode', '2.7.1' ]
28 verbose addNamed [ '2.7.1', '2.7.1' ]
29 silly lockFile 1ee3241b-learnyounode-2-7-1 learnyounode@2.7.1
30 verbose lock learnyounode@2.7.1 /home/troutnemesis/.npm/1ee3241b-learnyounode-2-7-1.lock
31 silly lockFile 1ee3241b-learnyounode-2-7-1 learnyounode@2.7.1
32 silly lockFile 1ee3241b-learnyounode-2-7-1 learnyounode@2.7.1
33 silly lockFile a353de34-learnyounode learnyounode@
34 silly lockFile a353de34-learnyounode learnyounode@
35 silly resolved [ { name: 'learnyounode',
35 silly resolved     version: '2.7.1',
35 silly resolved     description: 'Learn You The Node.js For Much Win! An intro to Node.js via a set of self-guided workshops.',
35 silly resolved     author:
35 silly resolved      { name: 'Rod Vagg',
35 silly resolved        email: 'rod@vagg.org',
35 silly resolved        url: 'https://github.com/rvagg' },
35 silly resolved     contributors:
35 silly resolved      [ [Object],
35 silly resolved        [Object],
35 silly resolved        [Object],
35 silly resolved        [Object],
35 silly resolved        [Object],
35 silly resolved        [Object],
35 silly resolved        [Object],
35 silly resolved        [Object],
35 silly resolved        [Object],
35 silly resolved        [Object],
35 silly resolved        [Object],
35 silly resolved        [Object],
35 silly resolved        [Object],
35 silly resolved        [Object],
35 silly resolved        [Object],
35 silly resolved        [Object] ],
35 silly resolved     repository:
35 silly resolved      { type: 'git',
35 silly resolved        url: 'https://github.com/rvagg/learnyounode.git' },
35 silly resolved     license: 'MIT',
35 silly resolved     dependencies:
35 silly resolved      { after: '~0.8.1',
35 silly resolved        bl: '~0.9.4',
35 silly resolved        boganipsum: '~0.1.0',
35 silly resolved        chalk: '~0.5.1',
35 silly resolved        'colors-tmpl': '~1.0.0',
35 silly resolved        'combined-stream': '~0.0.7',
35 silly resolved        'concat-stream': '~1.4.7',
35 silly resolved        duplexer: '~0.1.1',
35 silly resolved        hyperquest: '~1.0.1',
35 silly resolved        rimraf: '~2.2.8',
35 silly resolved        through: '~2.3.6',
35 silly resolved        through2: '~0.6.3',
35 silly resolved        'through2-map': '~1.4.0',
35 silly resolved        workshopper: '~2.7.0',
35 silly resolved        'workshopper-exercise': '~2.4.0',
35 silly resolved        'workshopper-wrappedexec': '~0.1.1' },
35 silly resolved     bin: { learnyounode: './learnyounode.js' },
35 silly resolved     preferGlobal: true,
35 silly resolved     readme: '# Learn You The Node.js For Much Win!\n\n[![Gitter](https://badges.gitter.im/Join%20Chat.svg)](https://gitter.im/nodeschool/discussions?utm_source=badge&utm_medium=badge&utm_campaign=pr-badge&utm_content=badge)\n\n**An intro to Node.js via a set of self-guided workshops.**\n\n[![NPM](https://nodei.co/npm/learnyounode.png?downloads=true&&downloadRank=true&stars=true)](https://nodei.co/npm/learnyounode/) [![NPM](https://nodei.co/npm-dl/learnyounode.png?months=3&height=3)](https://nodei.co/npm/learnyounode/)\n\n![Learn You The Node.js For Much Win!](https://raw.github.com/rvagg/learnyounode/master/learnyounode.png)\n\n  1. Install [Node.js](http://nodejs.org/)\n  2. Run `sudo npm install learnyounode -g`\n  3. Run `learnyounode`\n  4. **.. profit!**\n\n<b><code>learnyounode</code></b> will run through a series of Node.js workshops. Starting at a basic *"HELLO WORLD"* and moving on to more advanced exercises about dealing with synchronous & asynchronous I/O, filesystem operations, TCP and HTTP networking, events and streams.\n\nOnce you have finished <b><code>learnyounode</code></b>, graduate to <b><code>[stream-adventure](https://github.com/substack/stream-adventure)</code></b> for a set of exercises that dig in to Node\'s streams.\n\n### Contributors\n\n<b><code>learnyounode</code></b> is proudly brought to you by the following hackers:\n\n<table><tbody>\n<tr><th align="left">Rod Vagg</th><td><a href="https://github.com/rvagg">GitHub/rvagg</a></td><td><a href="http://twitter.com/rvagg">Twitter/@rvagg</a></td></tr>\n<tr><th align="left">Andrey Sidorov</th><td><a href="https://github.com/sidorares">GitHub/sidorares</a></td><td><a href="http://twitter.com/sidorares">Twitter/@sidorares</a></td></tr>\n<tr><th align="left">Julián Duque</th><td><a href="https://github.com/julianduque">GitHub/julianduque</a></td><td><a href="http://twitter.com/julian_duque">Twitter/@julian_duque</a></td></tr>\n<tr><th align="left">Lars-Magnus Skog</th><td><a href="https://github.com/ralphtheninja">GitHub/ralphtheninja</a></td><td><a href="http://twitter.com/ralphtheninja">Twitter/@ralphtheninja</a></td></tr>\n<tr><th align="left">Tim Inman</th><td><a href="https://github.com/thehack">GitHub/thehack</a></td><td><a href="http://twitter.com/timinman">Twitter/@timinman</a></td></tr>\n<tr><th align="left">Dan Flettre</th><td><a href="https://github.com/Flet">GitHub/Flet</a></td><td><a href="http://twitter.com/flettre">Twitter/@flettre</a></td></tr>\n<tr><th align="left">Leigh Zhu</th><td><a href="https://github.com/lisposter">GitHub/lisposter</a></td><td><a href="http://twitter.com/lisposter">Twitter/@lisposter</a></td></tr>\n<tr><th align="left">Lucas F. da Costa</th><td><a href="https://github.com/lucasfcosta">GitHub/lucasfcosta</a></td><td></td></tr>\n<tr><th align="left">Martin Heidegger</th><td><a href="https://github.com/martinheidegger">GitHub/martinheidegger</a></td><td><a href="http://twitter.com/leichtgewicht">Twitter/@leichtgewicht</a></td></tr>\n<tr><th align="left">Toshiharu Harada</th><td><a href="https://github.com/haradats">GitHub/haradats</a></td><td><a href="http://twitter.com/haradats">Twitter/@haradats</a></td></tr>\n<tr><th align="left">Eric Douglas</th><td><a href="https://github.com/ericdouglas">GitHub/ericdouglas</a></td><td><a href="http://twitter.com/ericdouglas_">Twitter/@ericdouglas_</a></td></tr>\n<tr><th align="left">Alejandro Oviedo</th><td><a href="https://github.com/a0viedo">GitHub/a0viedo</a></td><td><a href="http://twitter.com/a0viedo">Twitter/@a0viedo</a></td></tr>\n<tr><th align="left">Leonardo Nascimento</th><td><a href="https://github.com/leonascimento">GitHub/leonascimento</a></td><td><a href="http://twitter.com/leonardo386">Twitter/leonardo386</a></td></tr>\n<tr><th align="left">Christophe Porteneuve</th><td><a href="https://github.com/tdd">GitHub/tdd</a></td><td><a href="http://twitter.com/porteneuve">Twitter/@porteneuve</a></td></tr>\n<tr><th align="left">Do Minh Hai</th><td><a href="https://github.com/dominhhai">GitHub/dominhhai</a></td><td><a href="http://twitter.com/minhhai3b">Twitter/@minhhai3b</a></td></tr>\n<tr><th align="left">Phung Van Tu</th><td><a href="https://github.com/minatu2d">GitHub/minatu2d</a></td><td><a href="http://twitter.com/minatu2d">Twitter/@minatu2d</a></td></tr>\n<tr><th align="left">Shim</th><td><a href="https://github.com/marocchino">GitHub/marocchino</a></td><td><a href="http://twitter.com/marocchino">Twitter/@marocchino</a></td></tr>\n<tr><th align="left">ChaYoung You</th><td><a href="https://github.com/yous">GitHub/yous</a></td><td><a href="http://twitter.com/_Yous">Twitter/@_Yous</a></td></tr>\n<tr><th align="left">Espen Dalløkken</th><td><a href="https://github.com/leftieFriele">GitHub/leftieFriele</a></td><td><a href="http://twitter.com/leftieFriele">Twitter/leftieFriele</a></td></tr>\n</tbody></table>\n\n## License\n\n**learnyounode** is Copyright (c) 2013-2015 learnyounode contributors (listed above) and licenced under the MIT licence. All rights not explicitly granted in the MIT license are reserved. See the included LICENSE.md file for more details.\n\n**learnyounode** builds on the excellent work by [@substack](https://github.com/substack) and [@maxogden](https://github.com/maxogden) who created **[stream-adventure](https://github.com/substack/stream-adventure)** which serves as the original foundation for **learnyounode**.\n',
35 silly resolved     readmeFilename: 'README.md',
35 silly resolved     bugs: { url: 'https://github.com/rvagg/learnyounode/issues' },
35 silly resolved     homepage: 'https://github.com/rvagg/learnyounode',
35 silly resolved     _id: 'learnyounode@2.7.1',
35 silly resolved     _from: 'learnyounode@' } ]
36 info install learnyounode@2.7.1 into /usr/local/lib
37 info installOne learnyounode@2.7.1
38 info /usr/local/lib/node_modules/learnyounode unbuild
39 verbose tar unpack /home/troutnemesis/.npm/learnyounode/2.7.1/package.tgz
40 silly lockFile 97422473-al-lib-node-modules-learnyounode tar:///usr/local/lib/node_modules/learnyounode
41 verbose lock tar:///usr/local/lib/node_modules/learnyounode /home/troutnemesis/.npm/97422473-al-lib-node-modules-learnyounode.lock
42 silly lockFile ce1dea88-m-learnyounode-2-7-1-package-tgz tar:///home/troutnemesis/.npm/learnyounode/2.7.1/package.tgz
43 verbose lock tar:///home/troutnemesis/.npm/learnyounode/2.7.1/package.tgz /home/troutnemesis/.npm/ce1dea88-m-learnyounode-2-7-1-package-tgz.lock
44 silly gunzTarPerm modes [ '755', '644' ]
45 error Error: EACCES, mkdir '/usr/local/lib/node_modules/learnyounode'
45 error  { [Error: EACCES, mkdir '/usr/local/lib/node_modules/learnyounode']
45 error   errno: 3,
45 error   code: 'EACCES',
45 error   path: '/usr/local/lib/node_modules/learnyounode',
45 error   fstream_type: 'Directory',
45 error   fstream_path: '/usr/local/lib/node_modules/learnyounode',
45 error   fstream_class: 'DirWriter',
45 error   fstream_stack:
45 error    [ '/usr/local/lib/node_modules/npm/node_modules/fstream/lib/dir-writer.js:36:23',
45 error      '/usr/local/lib/node_modules/npm/node_modules/mkdirp/index.js:37:53',
45 error      'Object.oncomplete (fs.js:107:15)' ] }
46 error Please try running this command again as root/Administrator.
47 error System Linux 3.13.0-29-generic
48 error command "/usr/local/bin/node" "/usr/local/bin/npm" "install" "-g" "learnyounode"
49 error cwd /home/troutnemesis/Web/Lab3
50 error node -v v0.10.26
51 error npm -v 1.4.3
52 error path /usr/local/lib/node_modules/learnyounode
53 error fstream_path /usr/local/lib/node_modules/learnyounode
54 error fstream_type Directory
55 error fstream_class DirWriter
56 error code EACCES
57 error errno 3
58 error stack Error: EACCES, mkdir '/usr/local/lib/node_modules/learnyounode'
59 error fstream_stack /usr/local/lib/node_modules/npm/node_modules/fstream/lib/dir-writer.js:36:23
59 error fstream_stack /usr/local/lib/node_modules/npm/node_modules/mkdirp/index.js:37:53
59 error fstream_stack Object.oncomplete (fs.js:107:15)
60 verbose exit [ 3, true ]
